<?xml version="1.0" encoding="UTF-8"?>
<!-- Generated by org.testng.reporters.JUnitXMLReporter -->
<testsuite hostname="PSNG1120" ignored="0" name="LoginTest2-CH" tests="3" failures="0" timestamp="06 Feb 2018 05:08:37 GMT" time="29.05" errors="0">
  <testcase name="positiveLoginTest" time="10.219" classname="com.iaf.test.TestLogin"/>
  <testcase name="negativeLoginTest" time="3.267" classname="com.iaf.test.TestLogin"/>
  <testcase name="negativeLoginTest" time="5.309" classname="com.iaf.test.TestLogin"/>
</testsuite> <!-- LoginTest2-CH -->
