<?xml version="1.0" encoding="UTF-8"?>
<testng-results skipped="0" failed="0" ignored="0" total="0" passed="0">
  <reporter-output>
  </reporter-output>
  <suite name="FirstTestSuite" duration-ms="10" started-at="2018-11-17T05:31:47Z" finished-at="2018-11-17T05:31:47Z">
    <groups>
    </groups>
    <test name="LoginTest-CH" duration-ms="10" started-at="2018-11-17T05:31:47Z" finished-at="2018-11-17T05:31:47Z">
    </test> <!-- LoginTest-CH -->
  </suite> <!-- FirstTestSuite -->
</testng-results>
