<?xml version="1.0" encoding="UTF-8"?>
<testsuite xmlns:xsi="http://www.w3.org/2001/XMLSchema-instance" xsi:noNamespaceSchemaLocation="https://maven.apache.org/surefire/maven-surefire-plugin/xsd/surefire-test-report.xsd" name="TestSuite" time="103.703" tests="3" errors="0" skipped="0" failures="1">
  <properties>
[...]
</properties>
  <testcase name="positiveLoginTest" classname="com.iaf.test.TestLogin" time="33.884">
    <failure message="The following asserts failed:&#10;	Profile Name is not as Expected expected [true] but found [false]" type="java.lang.AssertionError">java.lang.AssertionError: 
The following asserts failed:
	Profile Name is not as Expected expected [true] but found [false]
	at com.iaf.test.TestLogin.positiveLoginTest(TestLogin.java:39)
</failure>
    <system-out><![CDATA[LoginTest-CH Test start
[LoginTest-CH]2018-11-17 13:19:31 INFO   - Invoking browser chrome
[LoginTest-CH]2018-11-17 13:19:55 INFO   - Clicking Sign In link
Clicked on By.xpath: //a[text()='Sign in']
[LoginTest-CH]2018-11-17 13:19:58 INFO   - Entering Login Detail
Typed value testsan123
Typed value San@123
[LoginTest-CH]2018-11-17 13:19:59 INFO   - Clicking Go Button
Clicked on By.xpath: //input[@value='Go']
[LoginTest-CH]2018-11-17 13:20:11 INFO   - verifying Page Title
[LoginTest-CH]2018-11-17 13:20:11 INFO   - verifying User Name
]]></system-out>
    <system-err><![CDATA[Starting ChromeDriver 2.35.528161 (5b82f2d2aae0ca24b877009200ced9065a772e73) on port 29731
Only local connections are allowed.
Nov 17, 2018 1:19:36 PM org.openqa.selenium.remote.ProtocolHandshake createSession
INFO: Detected dialect: OSS
]]></system-err>
  </testcase>
  <testcase name="negativeLoginTest" classname="com.iaf.test.TestLogin" time="20.377"/>
  <testcase name="negativeLoginTest" classname="com.iaf.test.TestLogin" time="26.594"/>
</testsuite>