<?xml version="1.0" encoding="UTF-8"?>
<testng-results skipped="0" failed="0" ignored="0" total="1" passed="1">
  <reporter-output>
  </reporter-output>
  <suite name="FirstTestSuite" duration-ms="35981" started-at="2018-11-19T04:25:00Z" finished-at="2018-11-19T04:25:36Z">
    <groups>
      <group name="positive">
        <method signature="TestLogin.positiveLoginTest()[pri:1, instance:com.iaf.test.TestLogin@2ef9b8bc]" name="positiveLoginTest" class="com.iaf.test.TestLogin"/>
      </group> <!-- positive -->
    </groups>
    <test name="LoginTest-CH" duration-ms="35981" started-at="2018-11-19T04:25:00Z" finished-at="2018-11-19T04:25:36Z">
      <class name="com.iaf.test.TestLogin">
        <test-method status="PASS" signature="setEnv(java.lang.String)[pri:0, instance:com.iaf.test.TestLogin@2ef9b8bc]" name="setEnv" is-config="true" duration-ms="429" started-at="2018-11-19T09:55:00Z" finished-at="2018-11-19T09:55:01Z">
          <params>
            <param index="0">
              <value>
                <![CDATA[chrome]]>
              </value>
            </param>
          </params>
          <reporter-output>
          </reporter-output>
        </test-method> <!-- setEnv -->
        <test-method status="PASS" signature="setUpClass(org.testng.ITestContext)[pri:0, instance:com.iaf.test.TestLogin@2ef9b8bc]" name="setUpClass" is-config="true" duration-ms="1" started-at="2018-11-19T09:55:01Z" finished-at="2018-11-19T09:55:01Z">
          <params>
            <param index="0">
              <value>
                <![CDATA[org.testng.TestRunner@4439f31e]]>
              </value>
            </param>
          </params>
          <reporter-output>
          </reporter-output>
        </test-method> <!-- setUpClass -->
        <test-method status="PASS" signature="setUp(java.lang.String)[pri:0, instance:com.iaf.test.TestLogin@2ef9b8bc]" name="setUp" is-config="true" duration-ms="5746" started-at="2018-11-19T09:55:01Z" finished-at="2018-11-19T09:55:07Z">
          <params>
            <param index="0">
              <value>
                <![CDATA[chrome]]>
              </value>
            </param>
          </params>
          <reporter-output>
          </reporter-output>
        </test-method> <!-- setUp -->
        <test-method status="PASS" signature="positiveLoginTest()[pri:1, instance:com.iaf.test.TestLogin@2ef9b8bc]" name="positiveLoginTest" duration-ms="27941" started-at="2018-11-19T09:55:07Z" finished-at="2018-11-19T09:55:35Z">
          <reporter-output>
          </reporter-output>
        </test-method> <!-- positiveLoginTest -->
        <test-method status="PASS" signature="closeBrowser(org.testng.ITestResult)[pri:0, instance:com.iaf.test.TestLogin@2ef9b8bc]" name="closeBrowser" is-config="true" duration-ms="1037" started-at="2018-11-19T09:55:35Z" finished-at="2018-11-19T09:55:36Z">
          <params>
            <param index="0">
              <value>
                <![CDATA[[TestResult name=positiveLoginTest status=SUCCESS method=TestLogin.positiveLoginTest()[pri:1, instance:com.iaf.test.TestLogin@2ef9b8bc] output={null}]]]>
              </value>
            </param>
          </params>
          <reporter-output>
          </reporter-output>
        </test-method> <!-- closeBrowser -->
        <test-method status="PASS" signature="endReport()[pri:0, instance:com.iaf.test.TestLogin@2ef9b8bc]" name="endReport" is-config="true" duration-ms="790" started-at="2018-11-19T09:55:36Z" finished-at="2018-11-19T09:55:36Z">
          <reporter-output>
          </reporter-output>
        </test-method> <!-- endReport -->
      </class> <!-- com.iaf.test.TestLogin -->
    </test> <!-- LoginTest-CH -->
  </suite> <!-- FirstTestSuite -->
</testng-results>
